\BOOKMARK [0][]{Contents.0}{\376\377\000T\000a\000b\000l\000e\000\040\000o\000f\000\040\000c\000o\000n\000t\000e\000n\000t\000s}{}% 1
\BOOKMARK [0][]{chapter*.6}{\376\377\000L\000i\000s\000t\000\040\000o\000f\000\040\000f\000i\000g\000u\000r\000e\000s}{}% 2
\BOOKMARK [0][]{chapter*.7}{\376\377\000L\000i\000s\000t\000\040\000o\000f\000\040\000t\000a\000b\000l\000e\000s}{}% 3
\BOOKMARK [0][]{chapter.1}{\376\377\0001\000\040\000I\000n\000t\000r\000o\000d\000u\000c\000t\000i\000o\000n\000\040\000e\000n\000\040\000f\000r\000a\000n\000\347\000a\000i\000s}{}% 4
\BOOKMARK [1][]{section.1.1}{\376\377\0001\000.\0001\000\040\000C\000l\000a\000s\000s\000i\000f\000i\000c\000a\000t\000i\000o\000n\000s\000\040\000d\000e\000s\000\040\000p\000r\000o\000b\000l\000\350\000m\000e\000s\000\040\000M\000I\000N\000L\000P}{chapter.1}% 5
\BOOKMARK [1][]{section.1.2}{\376\377\0001\000.\0002\000\040\000O\000p\000t\000i\000m\000i\000s\000a\000t\000i\000o\000n\000\040\000M\000I\000N\000L\000P\000\040\000b\000a\000s\000\351\000e\000\040\000s\000u\000r\000\040\000l\000a\000\040\000r\000e\000l\000a\000x\000a\000t\000i\000o\000n}{chapter.1}% 6
\BOOKMARK [1][]{section.1.3}{\376\377\0001\000.\0003\000\040\000S\000t\000r\000u\000c\000t\000u\000r\000e\000\040\000d\000e\000\040\000l\000a\000\040\000t\000h\000\350\000s\000e}{chapter.1}% 7
\BOOKMARK [1][]{section.1.4}{\376\377\0001\000.\0004\000\040\000P\000u\000b\000l\000i\000c\000a\000t\000i\000o\000n\000s\000\040\000a\000n\000t\000\351\000r\000i\000e\000u\000r\000e\000s}{chapter.1}% 8
\BOOKMARK [0][]{chapter.2}{\376\377\0002\000\040\000I\000n\000t\000r\000o\000d\000u\000c\000t\000i\000o\000n}{}% 9
\BOOKMARK [1][]{section.2.1}{\376\377\0002\000.\0001\000\040\000C\000l\000a\000s\000s\000i\000f\000i\000c\000a\000t\000i\000o\000n\000s\000\040\000o\000f\000\040\000M\000I\000N\000L\000P\000\040\000p\000r\000o\000b\000l\000e\000m\000s}{chapter.2}% 10
\BOOKMARK [1][]{section.2.2}{\376\377\0002\000.\0002\000\040\000R\000e\000l\000a\000x\000a\000t\000i\000o\000n\000-\000b\000a\000s\000e\000d\000\040\000M\000I\000N\000L\000P\000\040\000o\000p\000t\000i\000m\000i\000z\000a\000t\000i\000o\000n}{chapter.2}% 11
\BOOKMARK [1][]{section.2.3}{\376\377\0002\000.\0003\000\040\000S\000t\000r\000u\000c\000t\000u\000r\000e\000\040\000o\000f\000\040\000t\000h\000e\000\040\000t\000h\000e\000s\000i\000s}{chapter.2}% 12
\BOOKMARK [1][]{section.2.4}{\376\377\0002\000.\0004\000\040\000P\000r\000i\000o\000r\000\040\000p\000u\000b\000l\000i\000c\000a\000t\000i\000o\000n\000s}{chapter.2}% 13
\BOOKMARK [0][]{chapter.3}{\376\377\0003\000\040\000T\000h\000e\000o\000r\000y\000:\000\040\000b\000a\000s\000i\000c\000\040\000r\000e\000l\000a\000x\000a\000t\000i\000o\000n\000\040\000m\000e\000t\000h\000o\000d\000s}{}% 14
\BOOKMARK [1][]{section.3.1}{\376\377\0003\000.\0001\000\040\000R\000e\000l\000a\000x\000a\000t\000i\000o\000n\000s\000\040\000v\000i\000a\000\040\000l\000i\000f\000t\000i\000n\000g}{chapter.3}% 15
\BOOKMARK [2][]{subsection.3.1.1}{\376\377\0003\000.\0001\000.\0001\000\040\000D\000a\000n\000t\000z\000i\000g\000-\000W\000o\000l\000f\000e\000\040\000r\000e\000l\000a\000x\000a\000t\000i\000o\000n}{section.3.1}% 16
\BOOKMARK [2][]{subsection.3.1.2}{\376\377\0003\000.\0001\000.\0002\000\040\000P\000r\000o\000j\000e\000c\000t\000i\000o\000n}{section.3.1}% 17
\BOOKMARK [2][]{subsection.3.1.3}{\376\377\0003\000.\0001\000.\0003\000\040\000F\000a\000c\000t\000o\000r\000a\000b\000l\000e\000\040\000p\000r\000o\000g\000r\000a\000m\000m\000i\000n\000g}{section.3.1}% 18
\BOOKMARK [2][]{subsection.3.1.4}{\376\377\0003\000.\0001\000.\0004\000\040\000C\000e\000r\000t\000i\000f\000i\000c\000a\000t\000e\000-\000b\000a\000s\000e\000d\000\040\000r\000e\000l\000a\000x\000a\000t\000i\000o\000n}{section.3.1}% 19
\BOOKMARK [1][]{section.3.2}{\376\377\0003\000.\0002\000\040\000R\000e\000l\000a\000x\000a\000t\000i\000o\000n\000s\000\040\000v\000i\000a\000\040\000s\000u\000b\000m\000o\000d\000u\000l\000a\000r\000i\000t\000y}{chapter.3}% 20
\BOOKMARK [2][]{subsection.3.2.1}{\376\377\0003\000.\0002\000.\0001\000\040\000C\000o\000n\000v\000e\000x\000\040\000e\000n\000v\000e\000l\000o\000p\000e}{section.3.2}% 21
\BOOKMARK [2][]{subsection.3.2.2}{\376\377\0003\000.\0002\000.\0002\000\040\000C\000o\000n\000c\000a\000v\000e\000\040\000o\000v\000e\000r\000e\000s\000t\000i\000m\000a\000t\000o\000r}{section.3.2}% 22
\BOOKMARK [1][]{section.3.3}{\376\377\0003\000.\0003\000\040\000R\000e\000l\000a\000x\000a\000t\000i\000o\000n\000s\000\040\000v\000i\000a\000\040\000p\000i\000e\000c\000e\000-\000w\000i\000s\000e\000\040\000l\000i\000n\000e\000a\000r\000\040\000a\000p\000p\000r\000o\000x\000i\000m\000a\000t\000i\000o\000n\000s}{chapter.3}% 23
\BOOKMARK [1][]{section.3.4}{\376\377\0003\000.\0004\000\040\000R\000e\000l\000a\000x\000a\000t\000i\000o\000n\000\040\000t\000i\000g\000h\000t\000e\000n\000i\000n\000g\000\040\000v\000i\000a\000\040\000i\000n\000t\000e\000r\000s\000e\000c\000t\000i\000o\000n\000\040\000c\000u\000t\000s}{chapter.3}% 24
\BOOKMARK [1][]{section.3.5}{\376\377\0003\000.\0005\000\040\000C\000o\000n\000c\000l\000u\000s\000i\000o\000n}{chapter.3}% 25
\BOOKMARK [0][]{chapter.4}{\376\377\0004\000\040\000T\000h\000e\000o\000r\000y\000:\000\040\000a\000d\000v\000a\000n\000c\000e\000d\000\040\000s\000t\000r\000u\000c\000t\000u\000r\000a\000l\000\040\000r\000e\000s\000u\000l\000t\000s}{}% 26
\BOOKMARK [1][]{section.4.1}{\376\377\0004\000.\0001\000\040\000S\000-\000f\000r\000e\000e\000\040\000s\000e\000t\000s\000\040\000f\000o\000r\000\040\000s\000t\000r\000u\000c\000t\000u\000r\000e\000d\000\040\000s\000e\000t\000s}{chapter.4}% 27
\BOOKMARK [2][]{subsection.4.1.1}{\376\377\0004\000.\0001\000.\0001\000\040\000M\000a\000x\000i\000m\000a\000l\000\040\000S\000-\000f\000r\000e\000e\000\040\000s\000e\000t\000s\000\040\000f\000o\000r\000\040\000l\000i\000f\000t\000e\000d\000\040\000s\000e\000t\000s}{section.4.1}% 28
\BOOKMARK [2][]{subsection.4.1.2}{\376\377\0004\000.\0001\000.\0002\000\040\000M\000a\000x\000i\000m\000a\000l\000\040\000S\000-\000f\000r\000e\000e\000\040\000f\000o\000r\000\040\000D\000C\000C\000\040\000c\000o\000n\000s\000t\000r\000a\000i\000n\000t\000s}{section.4.1}% 29
\BOOKMARK [2][]{subsection.4.1.3}{\376\377\0004\000.\0001\000.\0003\000\040\000S\000-\000f\000r\000e\000e\000\040\000s\000e\000t\000s\000\040\000i\000n\000\040\000s\000u\000b\000m\000o\000d\000u\000l\000a\000r\000\040\000o\000p\000t\000i\000m\000i\000z\000a\000t\000i\000o\000n}{section.4.1}% 30
\BOOKMARK [1][]{section.4.2}{\376\377\0004\000.\0002\000\040\000C\000o\000n\000v\000e\000x\000\040\000e\000n\000v\000e\000l\000o\000p\000e\000s\000\040\000o\000f\000\040\000s\000u\000p\000e\000r\000m\000o\000d\000u\000l\000a\000r\000\040\000f\000u\000n\000c\000t\000i\000o\000n\000s}{chapter.4}% 31
\BOOKMARK [0][]{chapter.5}{\376\377\0005\000\040\000C\000u\000t\000t\000i\000n\000g\000\040\000p\000l\000a\000n\000e\000s\000\040\000f\000o\000r\000\040\000s\000i\000g\000n\000o\000m\000i\000a\000l\000\040\000p\000r\000o\000g\000r\000a\000m\000m\000i\000n\000g\000\040}{}% 32
\BOOKMARK [1][]{section.5.1}{\376\377\0005\000.\0001\000\040\000I\000n\000t\000r\000o\000d\000u\000c\000t\000i\000o\000n}{chapter.5}% 33
\BOOKMARK [2][]{subsection.5.1.1}{\376\377\0005\000.\0001\000.\0001\000\040\000L\000i\000t\000e\000r\000a\000t\000u\000r\000e\000\040\000r\000e\000v\000i\000e\000w}{section.5.1}% 34
\BOOKMARK [2][]{subsection.5.1.2}{\376\377\0005\000.\0001\000.\0002\000\040\000C\000o\000n\000t\000r\000i\000b\000u\000t\000i\000o\000n}{section.5.1}% 35
\BOOKMARK [2][]{subsection.5.1.3}{\376\377\0005\000.\0001\000.\0003\000\040\000N\000o\000t\000a\000t\000i\000o\000n}{section.5.1}% 36
\BOOKMARK [2][]{subsection.5.1.4}{\376\377\0005\000.\0001\000.\0004\000\040\000O\000u\000t\000l\000i\000n\000e\000\040\000o\000f\000\040\000t\000h\000e\000\040\000c\000h\000a\000p\000t\000e\000r}{section.5.1}% 37
\BOOKMARK [1][]{section.5.2}{\376\377\0005\000.\0002\000\040\000S\000i\000g\000n\000o\000m\000i\000a\000l\000-\000l\000i\000f\000t\000-\000f\000r\000e\000e\000\040\000s\000e\000t\000s\000\040\000a\000n\000d\000\040\000i\000n\000t\000e\000r\000s\000e\000c\000t\000i\000o\000n\000\040\000c\000u\000t\000s}{chapter.5}% 38
\BOOKMARK [2][]{subsection.5.2.1}{\376\377\0005\000.\0002\000.\0001\000\040\000S\000i\000g\000n\000o\000m\000i\000a\000l\000-\000l\000i\000f\000t\000-\000f\000r\000e\000e\000\040\000a\000n\000d\000\040\000s\000i\000g\000n\000o\000m\000i\000a\000l\000-\000t\000e\000r\000m\000-\000f\000r\000e\000e\000\040\000s\000e\000t\000s}{section.5.2}% 39
\BOOKMARK [2][]{subsection.5.2.2}{\376\377\0005\000.\0002\000.\0002\000\040\000C\000o\000m\000p\000u\000t\000i\000n\000g\000\040\000i\000n\000t\000e\000r\000s\000e\000c\000t\000i\000o\000n\000\040\000c\000u\000t\000s}{section.5.2}% 40
\BOOKMARK [1][]{section.5.3}{\376\377\0005\000.\0003\000\040\000C\000o\000n\000v\000e\000x\000\040\000o\000u\000t\000e\000r\000\040\000a\000p\000p\000r\000o\000x\000i\000m\000a\000t\000i\000o\000n}{chapter.5}% 41
\BOOKMARK [2][]{subsection.5.3.1}{\376\377\0005\000.\0003\000.\0001\000\040\000O\000u\000t\000e\000r\000\040\000a\000p\000p\000r\000o\000x\000i\000m\000a\000t\000i\000o\000n\000\040\000c\000u\000t\000s}{section.5.3}% 42
\BOOKMARK [2][]{subsection.5.3.2}{\376\377\0005\000.\0003\000.\0002\000\040\000C\000o\000n\000v\000e\000x\000\040\000e\000n\000v\000e\000l\000o\000p\000e\000s\000\040\000o\000f\000\040\000b\000i\000v\000a\000r\000i\000a\000t\000e\000\040\000s\000u\000p\000e\000r\000m\000o\000d\000u\000l\000a\000r\000\040\000f\000u\000n\000c\000t\000i\000o\000n\000s}{section.5.3}% 43
\BOOKMARK [2][]{subsection.5.3.3}{\376\377\0005\000.\0003\000.\0003\000\040\000C\000o\000n\000v\000e\000x\000i\000t\000y\000\040\000a\000n\000d\000\040\000r\000e\000v\000e\000r\000s\000e\000-\000c\000o\000n\000v\000e\000x\000i\000t\000y}{section.5.3}% 44
\BOOKMARK [1][]{section.5.4}{\376\377\0005\000.\0004\000\040\000C\000o\000m\000p\000u\000t\000a\000t\000i\000o\000n\000a\000l\000\040\000r\000e\000s\000u\000l\000t\000s}{chapter.5}% 45
\BOOKMARK [1][]{section.5.5}{\376\377\0005\000.\0005\000\040\000C\000o\000n\000c\000l\000u\000s\000i\000o\000n}{chapter.5}% 46
\BOOKMARK [0][]{chapter.6}{\376\377\0006\000\040\000I\000n\000t\000e\000r\000s\000e\000c\000t\000i\000o\000n\000\040\000c\000u\000t\000s\000\040\000f\000o\000r\000\040\000s\000u\000b\000m\000o\000d\000u\000l\000a\000r\000\040\000o\000p\000t\000i\000m\000i\000z\000a\000t\000i\000o\000n}{}% 47
\BOOKMARK [1][]{section.6.1}{\376\377\0006\000.\0001\000\040\000I\000n\000t\000r\000o\000d\000u\000c\000t\000i\000o\000n}{chapter.6}% 48
\BOOKMARK [2][]{subsection.6.1.1}{\376\377\0006\000.\0001\000.\0001\000\040\000L\000i\000t\000e\000r\000a\000t\000u\000r\000e\000\040\000r\000e\000v\000i\000e\000w}{section.6.1}% 49
\BOOKMARK [2][]{subsection.6.1.2}{\376\377\0006\000.\0001\000.\0002\000\040\000C\000o\000n\000t\000r\000i\000b\000u\000t\000i\000o\000n}{section.6.1}% 50
\BOOKMARK [2][]{subsection.6.1.3}{\376\377\0006\000.\0001\000.\0003\000\040\000O\000u\000t\000l\000i\000n\000e\000\040\000o\000f\000\040\000t\000h\000e\000\040\000c\000h\000a\000p\000t\000e\000r}{section.6.1}% 51
\BOOKMARK [1][]{section.6.2}{\376\377\0006\000.\0002\000\040\000A\000p\000p\000l\000i\000c\000a\000t\000i\000o\000n}{chapter.6}% 52
\BOOKMARK [2][]{subsection.6.2.1}{\376\377\0006\000.\0002\000.\0001\000\040\000B\000o\000o\000l\000e\000a\000n\000\040\000m\000u\000l\000t\000i\000l\000i\000n\000e\000a\000r\000\040\000c\000o\000n\000s\000t\000r\000a\000i\000n\000t\000s}{section.6.2}% 53
\BOOKMARK [2][]{subsection.6.2.2}{\376\377\0006\000.\0002\000.\0002\000\040\000D\000-\000o\000p\000t\000i\000m\000a\000l\000\040\000d\000e\000s\000i\000g\000n}{section.6.2}% 54
\BOOKMARK [1][]{section.6.3}{\376\377\0006\000.\0003\000\040\000S\000e\000p\000a\000r\000a\000t\000i\000o\000n\000\040\000p\000r\000o\000b\000l\000e\000m}{chapter.6}% 55
\BOOKMARK [1][]{section.6.4}{\376\377\0006\000.\0004\000\040\000C\000o\000m\000p\000u\000t\000a\000t\000i\000o\000n\000a\000l\000\040\000r\000e\000s\000u\000l\000t\000s}{chapter.6}% 56
\BOOKMARK [2][]{subsection.6.4.1}{\376\377\0006\000.\0004\000.\0001\000\040\000S\000u\000p\000p\000l\000e\000m\000e\000n\000t\000a\000r\000y\000\040\000b\000r\000a\000n\000c\000h\000-\000a\000n\000d\000-\000b\000o\000u\000n\000d\000\040\000c\000o\000m\000p\000u\000t\000a\000t\000i\000o\000n\000a\000l\000\040\000r\000e\000s\000u\000l\000t\000s}{section.6.4}% 57
\BOOKMARK [1][]{section.6.5}{\376\377\0006\000.\0005\000\040\000C\000o\000n\000c\000l\000u\000s\000i\000o\000n}{chapter.6}% 58
\BOOKMARK [0][]{chapter.7}{\376\377\0007\000\040\000B\000r\000a\000n\000c\000h\000-\000a\000n\000d\000-\000p\000r\000i\000c\000e\000\040\000f\000o\000r\000\040\000s\000u\000b\000m\000o\000d\000u\000l\000a\000r\000\040\000b\000i\000n\000\040\000p\000a\000c\000k\000i\000n\000g}{}% 59
\BOOKMARK [1][]{section.7.1}{\376\377\0007\000.\0001\000\040\000I\000n\000t\000r\000o\000d\000u\000c\000t\000i\000o\000n}{chapter.7}% 60
\BOOKMARK [2][]{subsection.7.1.1}{\376\377\0007\000.\0001\000.\0001\000\040\000L\000i\000t\000e\000r\000a\000t\000u\000r\000e\000\040\000r\000e\000v\000i\000e\000w}{section.7.1}% 61
\BOOKMARK [2][]{subsection.7.1.2}{\376\377\0007\000.\0001\000.\0002\000\040\000C\000o\000n\000t\000r\000i\000b\000u\000t\000i\000o\000n}{section.7.1}% 62
\BOOKMARK [2][]{subsection.7.1.3}{\376\377\0007\000.\0001\000.\0003\000\040\000O\000u\000t\000l\000i\000n\000e\000\040\000o\000f\000\040\000t\000h\000e\000\040\000c\000h\000a\000p\000t\000e\000r}{section.7.1}% 63
\BOOKMARK [1][]{section.7.2}{\376\377\0007\000.\0002\000\040\000S\000e\000t\000\040\000c\000o\000v\000e\000r\000\040\000f\000o\000r\000m\000u\000l\000a\000t\000i\000o\000n}{chapter.7}% 64
\BOOKMARK [1][]{section.7.3}{\376\377\0007\000.\0003\000\040\000B\000r\000a\000n\000c\000h\000\040\000a\000n\000d\000\040\000p\000r\000i\000c\000e}{chapter.7}% 65
\BOOKMARK [2][]{subsection.7.3.1}{\376\377\0007\000.\0003\000.\0001\000\040\000B\000r\000a\000n\000c\000h\000i\000n\000g\000\040\000r\000u\000l\000e}{section.7.3}% 66
\BOOKMARK [2][]{subsection.7.3.2}{\376\377\0007\000.\0003\000.\0002\000\040\000C\000o\000l\000u\000m\000n\000\040\000g\000e\000n\000e\000r\000a\000t\000i\000o\000n}{section.7.3}% 67
\BOOKMARK [2][]{subsection.7.3.3}{\376\377\0007\000.\0003\000.\0003\000\040\000P\000r\000i\000m\000a\000l\000\040\000h\000e\000u\000r\000i\000s\000t\000i\000c\000s}{section.7.3}% 68
\BOOKMARK [2][]{subsection.7.3.4}{\376\377\0007\000.\0003\000.\0004\000\040\000D\000u\000a\000l\000\040\000b\000o\000u\000n\000d\000\040\000c\000o\000m\000p\000u\000t\000a\000t\000i\000o\000n}{section.7.3}% 69
\BOOKMARK [1][]{section.7.4}{\376\377\0007\000.\0004\000\040\000S\000o\000l\000v\000i\000n\000g\000\040\000t\000h\000e\000\040\000p\000r\000i\000c\000i\000n\000g\000\040\000p\000r\000o\000b\000l\000e\000m}{chapter.7}% 70
\BOOKMARK [2][]{subsection.7.4.1}{\376\377\0007\000.\0004\000.\0001\000\040\000P\000r\000i\000c\000i\000n\000g\000\040\000h\000e\000u\000r\000i\000s\000t\000i\000c}{section.7.4}% 71
\BOOKMARK [2][]{subsection.7.4.2}{\376\377\0007\000.\0004\000.\0002\000\040\000B\000S\000O\000C\000P\000\040\000f\000o\000r\000m\000u\000l\000a\000t\000i\000o\000n}{section.7.4}% 72
\BOOKMARK [2][]{subsection.7.4.3}{\376\377\0007\000.\0004\000.\0003\000\040\000M\000B\000Q\000C\000P\000\040\000f\000o\000r\000m\000u\000l\000a\000t\000i\000o\000n}{section.7.4}% 73
\BOOKMARK [2][]{subsection.7.4.4}{\376\377\0007\000.\0004\000.\0004\000\040\000P\000W\000L\000\040\000r\000e\000l\000a\000x\000a\000t\000i\000o\000n}{section.7.4}% 74
\BOOKMARK [2][]{subsection.7.4.5}{\376\377\0007\000.\0004\000.\0005\000\040\000E\000x\000a\000c\000t\000\040\000P\000W\000L\000-\000B\000\046\000C\000\040\000a\000l\000g\000o\000r\000i\000t\000h\000m}{section.7.4}% 75
\BOOKMARK [2][]{subsection.7.4.6}{\376\377\0007\000.\0004\000.\0006\000\040\000H\000y\000b\000r\000i\000d\000\040\000p\000r\000i\000c\000i\000n\000g\000\040\000s\000t\000r\000a\000t\000e\000g\000y}{section.7.4}% 76
\BOOKMARK [1][]{section.7.5}{\376\377\0007\000.\0005\000\040\000C\000o\000m\000p\000u\000t\000a\000t\000i\000o\000n\000a\000l\000\040\000e\000x\000p\000e\000r\000i\000m\000e\000n\000t\000s}{chapter.7}% 77
\BOOKMARK [2][]{subsection.7.5.1}{\376\377\0007\000.\0005\000.\0001\000\040\000B\000e\000n\000c\000h\000m\000a\000r\000k\000s}{section.7.5}% 78
\BOOKMARK [2][]{subsection.7.5.2}{\376\377\0007\000.\0005\000.\0002\000\040\000E\000x\000p\000e\000r\000i\000m\000e\000n\000t\000a\000l\000\040\000s\000e\000t\000u\000p\000s}{section.7.5}% 79
\BOOKMARK [2][]{subsection.7.5.3}{\376\377\0007\000.\0005\000.\0003\000\040\000C\000o\000m\000p\000a\000r\000a\000t\000i\000v\000e\000\040\000a\000n\000a\000l\000y\000s\000i\000s\000\040\000o\000f\000\040\000r\000e\000s\000u\000l\000t\000s}{section.7.5}% 80
\BOOKMARK [1][]{section.7.6}{\376\377\0007\000.\0006\000\040\000C\000o\000n\000c\000l\000u\000s\000i\000o\000n}{chapter.7}% 81
\BOOKMARK [0][]{chapter.8}{\376\377\0008\000\040\000B\000r\000a\000n\000c\000h\000-\000a\000n\000d\000-\000p\000r\000i\000c\000e\000\040\000f\000o\000r\000\040\000c\000o\000d\000i\000n\000g\000-\000a\000w\000a\000r\000e\000\040\000r\000o\000u\000t\000i\000n\000g\000\040\000i\000n\000\040\000w\000i\000r\000e\000l\000e\000s\000s\000\040\000n\000e\000t\000w\000o\000r\000k\000s}{}% 82
\BOOKMARK [1][]{section.8.1}{\376\377\0008\000.\0001\000\040\000I\000n\000t\000r\000o\000d\000u\000c\000t\000i\000o\000n}{chapter.8}% 83
\BOOKMARK [2][]{subsection.8.1.1}{\376\377\0008\000.\0001\000.\0001\000\040\000L\000i\000t\000e\000r\000a\000t\000u\000r\000e\000\040\000r\000e\000v\000i\000e\000w}{section.8.1}% 84
\BOOKMARK [2][]{subsection.8.1.2}{\376\377\0008\000.\0001\000.\0002\000\040\000C\000o\000n\000t\000r\000i\000b\000u\000t\000i\000o\000n}{section.8.1}% 85
\BOOKMARK [2][]{subsection.8.1.3}{\376\377\0008\000.\0001\000.\0003\000\040\000O\000u\000t\000l\000i\000n\000e\000\040\000t\000h\000e\000\040\000c\000h\000a\000p\000t\000e\000r}{section.8.1}% 86
\BOOKMARK [1][]{section.8.2}{\376\377\0008\000.\0002\000\040\000M\000o\000d\000e\000l\000s\000\040\000a\000n\000d\000\040\000n\000o\000t\000a\000t\000i\000o\000n}{chapter.8}% 87
\BOOKMARK [2][]{subsection.8.2.1}{\376\377\0008\000.\0002\000.\0001\000\040\000E\000n\000e\000r\000g\000y\000\040\000c\000o\000n\000s\000u\000m\000p\000t\000i\000o\000n}{section.8.2}% 88
\BOOKMARK [2][]{subsection.8.2.2}{\376\377\0008\000.\0002\000.\0002\000\040\000C\000l\000i\000q\000u\000e\000\040\000c\000a\000p\000a\000c\000i\000t\000y\000\040\000c\000o\000n\000s\000t\000r\000a\000i\000n\000t}{section.8.2}% 89
\BOOKMARK [2][]{subsection.8.2.3}{\376\377\0008\000.\0002\000.\0003\000\040\000N\000e\000t\000w\000o\000r\000k\000\040\000c\000o\000d\000i\000n\000g}{section.8.2}% 90
\BOOKMARK [2][]{subsection.8.2.4}{\376\377\0008\000.\0002\000.\0004\000\040\000C\000o\000m\000p\000l\000e\000x\000i\000t\000y\000\040\000a\000n\000a\000l\000y\000s\000i\000s}{section.8.2}% 91
\BOOKMARK [1][]{section.8.3}{\376\377\0008\000.\0003\000\040\000M\000a\000t\000h\000e\000m\000a\000t\000i\000c\000a\000l\000\040\000F\000o\000r\000m\000u\000l\000a\000t\000i\000o\000n\000s}{chapter.8}% 92
\BOOKMARK [2][]{subsection.8.3.1}{\376\377\0008\000.\0003\000.\0001\000\040\000C\000o\000m\000p\000a\000c\000t\000\040\000e\000d\000g\000e\000-\000b\000a\000s\000e\000d\000\040\000f\000o\000r\000m\000u\000l\000a\000t\000i\000o\000n\000s}{section.8.3}% 93
\BOOKMARK [2][]{subsection.8.3.2}{\376\377\0008\000.\0003\000.\0002\000\040\000P\000a\000t\000h\000-\000b\000a\000s\000e\000d\000\040\000f\000o\000r\000m\000u\000l\000a\000t\000i\000o\000n}{section.8.3}% 94
\BOOKMARK [1][]{section.8.4}{\376\377\0008\000.\0004\000\040\000C\000o\000l\000u\000m\000n\000\040\000g\000e\000n\000e\000r\000a\000t\000i\000o\000n}{chapter.8}% 95
\BOOKMARK [2][]{subsection.8.4.1}{\376\377\0008\000.\0004\000.\0001\000\040\000R\000e\000d\000u\000c\000e\000d\000\040\000c\000o\000s\000t\000\040\000p\000r\000i\000c\000i\000n\000g}{section.8.4}% 96
\BOOKMARK [2][]{subsection.8.4.2}{\376\377\0008\000.\0004\000.\0002\000\040\000F\000a\000r\000k\000a\000s\000\040\000p\000r\000i\000c\000i\000n\000g}{section.8.4}% 97
\BOOKMARK [1][]{section.8.5}{\376\377\0008\000.\0005\000\040\000B\000r\000a\000n\000c\000h\000i\000n\000g\000\040\000r\000u\000l\000e}{chapter.8}% 98
\BOOKMARK [1][]{section.8.6}{\376\377\0008\000.\0006\000\040\000C\000o\000m\000p\000u\000t\000a\000t\000i\000o\000n\000a\000l\000\040\000R\000e\000s\000u\000l\000t\000s}{chapter.8}% 99
\BOOKMARK [2][]{subsection.8.6.1}{\376\377\0008\000.\0006\000.\0001\000\040\000I\000n\000s\000t\000a\000n\000c\000e\000s}{section.8.6}% 100
\BOOKMARK [2][]{subsection.8.6.2}{\376\377\0008\000.\0006\000.\0002\000\040\000N\000u\000m\000e\000r\000i\000c\000a\000l\000\040\000c\000o\000m\000p\000a\000r\000i\000s\000o\000n\000s\000\040\000o\000f\000\040\000f\000o\000r\000m\000u\000l\000a\000t\000i\000o\000n\000s}{section.8.6}% 101
\BOOKMARK [2][]{subsection.8.6.3}{\376\377\0008\000.\0006\000.\0003\000\040\000E\000f\000f\000e\000c\000t\000s\000\040\000o\000f\000\040\000n\000e\000t\000w\000o\000r\000k\000\040\000c\000o\000d\000i\000n\000g}{section.8.6}% 102
\BOOKMARK [1][]{section.8.7}{\376\377\0008\000.\0007\000\040\000C\000o\000n\000c\000l\000u\000s\000i\000o\000n}{chapter.8}% 103
\BOOKMARK [0][]{chapter.9}{\376\377\0009\000\040\000P\000i\000e\000c\000e\000-\000w\000i\000s\000e\000\040\000l\000i\000n\000e\000a\000r\000\040\000m\000o\000d\000e\000l\000l\000i\000n\000g\000\040\000i\000n\000\040\000c\000o\000n\000t\000i\000n\000u\000o\000u\000s\000\040\000c\000o\000v\000e\000r\000i\000n\000g\000\040\000o\000n\000\040\000n\000e\000t\000w\000o\000r\000k\000s}{}% 104
\BOOKMARK [1][]{section.9.1}{\376\377\0009\000.\0001\000\040\000I\000n\000t\000r\000o\000d\000u\000c\000t\000i\000o\000n}{chapter.9}% 105
\BOOKMARK [2][]{subsection.9.1.1}{\376\377\0009\000.\0001\000.\0001\000\040\000L\000i\000t\000e\000r\000a\000t\000u\000r\000e\000\040\000r\000e\000v\000i\000e\000w}{section.9.1}% 106
\BOOKMARK [2][]{subsection.9.1.2}{\376\377\0009\000.\0001\000.\0002\000\040\000C\000o\000n\000t\000r\000i\000b\000u\000t\000i\000o\000n}{section.9.1}% 107
\BOOKMARK [2][]{subsection.9.1.3}{\376\377\0009\000.\0001\000.\0003\000\040\000O\000u\000t\000l\000i\000n\000e\000\040\000t\000h\000e\000\040\000c\000h\000a\000p\000t\000e\000r}{section.9.1}% 108
\BOOKMARK [1][]{section.9.2}{\376\377\0009\000.\0002\000\040\000C\000o\000v\000e\000r\000i\000n\000g\000\040\000c\000h\000a\000r\000a\000c\000t\000e\000r\000i\000z\000a\000t\000i\000o\000n}{chapter.9}% 109
\BOOKMARK [2][]{subsection.9.2.1}{\376\377\0009\000.\0002\000.\0001\000\040\000O\000b\000s\000e\000r\000v\000a\000t\000i\000o\000n\000s}{section.9.2}% 110
\BOOKMARK [2][]{subsection.9.2.2}{\376\377\0009\000.\0002\000.\0002\000\040\000C\000o\000v\000e\000r\000i\000n\000g\000\040\000c\000o\000n\000d\000i\000t\000i\000o\000n\000s}{section.9.2}% 111
\BOOKMARK [2][]{subsection.9.2.3}{\376\377\0009\000.\0002\000.\0003\000\040\000C\000o\000v\000e\000r\000i\000n\000g\000\040\000d\000e\000l\000i\000m\000i\000t\000a\000t\000i\000o\000n\000\040\000a\000n\000d\000\040\000s\000i\000m\000p\000l\000i\000f\000i\000c\000a\000t\000i\000o\000n}{section.9.2}% 112
\BOOKMARK [2][]{subsection.9.2.4}{\376\377\0009\000.\0002\000.\0004\000\040\000C\000h\000a\000r\000a\000c\000t\000e\000r\000i\000z\000a\000t\000i\000o\000n\000\040\000o\000f\000\040\000c\000o\000m\000p\000l\000e\000t\000e\000\040\000c\000o\000v\000e\000r\000s}{section.9.2}% 113
\BOOKMARK [1][]{section.9.3}{\376\377\0009\000.\0003\000\040\000M\000I\000L\000P\000\040\000f\000o\000r\000m\000u\000l\000a\000t\000i\000o\000n}{chapter.9}% 114
\BOOKMARK [2][]{subsection.9.3.1}{\376\377\0009\000.\0003\000.\0001\000\040\000C\000o\000m\000p\000a\000r\000a\000t\000i\000v\000e\000\040\000i\000n\000s\000i\000g\000h\000t\000s\000\040\000w\000i\000t\000h\000\040\000r\000e\000s\000p\000e\000c\000t\000\040\000t\000o\000\040\000a\000n\000\040\000e\000x\000i\000s\000t\000i\000n\000g\000\040\000M\000I\000L\000P}{section.9.3}% 115
\BOOKMARK [1][]{section.9.4}{\376\377\0009\000.\0004\000\040\000S\000t\000r\000e\000n\000g\000t\000h\000e\000n\000i\000n\000g}{chapter.9}% 116
\BOOKMARK [2][]{subsection.9.4.1}{\376\377\0009\000.\0004\000.\0001\000\040\000C\000o\000n\000s\000t\000a\000n\000t\000s\000\040\000t\000i\000g\000h\000t\000e\000n\000i\000n\000g}{section.9.4}% 117
\BOOKMARK [2][]{subsection.9.4.2}{\376\377\0009\000.\0004\000.\0002\000\040\000V\000a\000l\000i\000d\000\040\000i\000n\000e\000q\000u\000a\000l\000i\000t\000i\000e\000s}{section.9.4}% 118
\BOOKMARK [1][]{section.9.5}{\376\377\0009\000.\0005\000\040\000N\000e\000t\000w\000o\000r\000k\000\040\000p\000r\000o\000c\000e\000s\000s\000i\000n\000g}{chapter.9}% 119
\BOOKMARK [1][]{section.9.6}{\376\377\0009\000.\0006\000\040\000A\000\040\000r\000e\000d\000u\000c\000e\000d\000\040\000f\000o\000r\000m\000u\000l\000a\000t\000i\000o\000n\000\040\000f\000o\000r\000\040\000n\000e\000t\000w\000o\000r\000k\000s\000\040\000w\000i\000t\000h\000\040\000l\000o\000n\000g\000\040\000e\000d\000g\000e\000s}{chapter.9}% 120
\BOOKMARK [1][]{section.9.7}{\376\377\0009\000.\0007\000\040\000C\000o\000m\000p\000u\000t\000a\000t\000i\000o\000n\000a\000l\000\040\000r\000e\000s\000u\000l\000t\000s}{chapter.9}% 121
\BOOKMARK [2][]{subsection.9.7.1}{\376\377\0009\000.\0007\000.\0001\000\040\000E\000x\000p\000e\000r\000i\000m\000e\000n\000t\000\040\000S\000e\000t\000u\000p}{section.9.7}% 122
\BOOKMARK [2][]{subsection.9.7.2}{\376\377\0009\000.\0007\000.\0002\000\040\000C\000o\000m\000p\000a\000r\000a\000t\000i\000v\000e\000\040\000A\000n\000a\000l\000y\000s\000i\000s\000\040\000o\000f\000\040\000C\000o\000n\000t\000i\000n\000u\000o\000u\000s\000\040\000M\000o\000d\000e\000l\000s}{section.9.7}% 123
\BOOKMARK [2][]{subsection.9.7.3}{\376\377\0009\000.\0007\000.\0003\000\040\000C\000o\000m\000p\000a\000r\000a\000t\000i\000v\000e\000\040\000A\000n\000a\000l\000y\000s\000i\000s\000\040\000o\000f\000\040\000C\000o\000n\000t\000i\000n\000u\000o\000u\000s\000\040\000a\000n\000d\000\040\000D\000i\000s\000c\000r\000e\000t\000e\000\040\000M\000o\000d\000e\000l\000s}{section.9.7}% 124
\BOOKMARK [1][]{section.9.8}{\376\377\0009\000.\0008\000\040\000C\000o\000n\000c\000l\000u\000s\000i\000o\000n\000s}{chapter.9}% 125
\BOOKMARK [0][]{chapter.10}{\376\377\0001\0000\000\040\000C\000o\000n\000c\000l\000u\000s\000i\000o\000n\000s\000\040\000a\000n\000d\000\040\000p\000e\000r\000s\000p\000e\000c\000t\000i\000v\000e}{}% 126
\BOOKMARK [1][]{subsection.10.0.1}{\376\377\0001\0000\000.\0000\000.\0001\000\040\000C\000o\000n\000c\000l\000u\000s\000i\000o\000n\000s}{chapter.10}% 127
\BOOKMARK [1][]{section.10.1}{\376\377\0001\0000\000.\0001\000\040\000P\000e\000r\000s\000p\000e\000c\000t\000i\000v\000e\000s\000\040\000i\000n\000\040\000a\000l\000g\000o\000r\000i\000t\000h\000m\000\040\000d\000e\000s\000i\000g\000n}{chapter.10}% 128
\BOOKMARK [2][]{subsection.10.1.1}{\376\377\0001\0000\000.\0001\000.\0001\000\040\000E\000x\000t\000e\000n\000d\000e\000d\000\040\000f\000o\000r\000m\000u\000l\000a\000t\000i\000o\000n\000s\000\040\000v\000s\000\040\000p\000r\000o\000j\000e\000c\000t\000e\000d\000\040\000f\000o\000r\000m\000u\000l\000a\000t\000i\000o\000n\000s}{section.10.1}% 129
\BOOKMARK [2][]{subsection.10.1.2}{\376\377\0001\0000\000.\0001\000.\0002\000\040\000M\000o\000d\000e\000l\000i\000n\000g\000\040\000p\000o\000w\000e\000r\000:\000\040\000t\000h\000e\000\040\000l\000a\000c\000k\000\040\000o\000f\000\040\000c\000o\000n\000v\000e\000x\000i\000t\000y\000\040\000a\000n\000d\000\040\000n\000o\000n\000l\000i\000n\000e\000a\000r\000\040\000f\000u\000n\000c\000t\000i\000o\000n\000\040\000t\000y\000p\000e\000s}{section.10.1}% 130
\BOOKMARK [2][]{subsection.10.1.3}{\376\377\0001\0000\000.\0001\000.\0003\000\040\000A\000p\000p\000r\000o\000x\000i\000m\000a\000t\000i\000o\000n\000s\000\040\000v\000s\000.\000\040\000r\000e\000l\000a\000x\000a\000t\000i\000o\000n\000s}{section.10.1}% 131
\BOOKMARK [1][]{section.10.2}{\376\377\0001\0000\000.\0002\000\040\000P\000e\000r\000s\000p\000e\000c\000t\000i\000v\000e\000s\000\040\000o\000f\000\040\000s\000o\000l\000v\000e\000r\000\040\000f\000r\000a\000m\000e\000w\000o\000r\000k}{chapter.10}% 132
\BOOKMARK [0][]{chapter*.67}{\376\377\000R\000e\000f\000e\000r\000e\000n\000c\000e\000s}{}% 133
